<?xml version="1.0" encoding="UTF-8"?>
<!-- Generated by org.testng.reporters.JUnitReportReporter -->
<testsuite hostname="Taruns-MBP.lan" failures="0" tests="16" name="com.pb.rest.presentation.ReqRes" time="3.666" errors="0" timestamp="2021-01-15T02:27:19 IST" skipped="13">
  <testcase classname="com.pb.rest.presentation.ReqRes" name="postExample" time="2.127"/>
  <system-out/>
  <testcase classname="com.pb.rest.presentation.ReqRes" name="postExample" time="0.724"/>
  <system-out/>
  <testcase classname="com.pb.rest.presentation.ReqRes" name="postExample" time="0.815"/>
  <system-out/>
  <testcase classname="com.pb.rest.presentation.ReqRes" name="test2">
    <skipped/>
  </testcase> <!-- test2 -->
  <system-out/>
  <testcase classname="com.pb.rest.presentation.ReqRes" name="putExample">
    <skipped/>
  </testcase> <!-- putExample -->
  <system-out/>
  <testcase classname="com.pb.rest.presentation.ReqRes" name="patchExample">
    <skipped/>
  </testcase> <!-- patchExample -->
  <system-out/>
  <testcase classname="com.pb.rest.presentation.ReqRes" name="jsonschemavalid">
    <skipped/>
  </testcase> <!-- jsonschemavalid -->
  <system-out/>
  <testcase classname="com.pb.rest.presentation.ReqRes" name="pathParametersExample">
    <skipped/>
  </testcase> <!-- pathParametersExample -->
  <system-out/>
  <testcase classname="com.pb.rest.presentation.ReqRes" name="ArraySizeAndElements">
    <skipped/>
  </testcase> <!-- ArraySizeAndElements -->
  <system-out/>
  <testcase classname="com.pb.rest.presentation.ReqRes" name="reusedResponse">
    <skipped/>
  </testcase> <!-- reusedResponse -->
  <system-out/>
  <testcase classname="com.pb.rest.presentation.ReqRes" name="ArrayIterate">
    <skipped/>
  </testcase> <!-- ArrayIterate -->
  <system-out/>
  <testcase classname="com.pb.rest.presentation.ReqRes" name="statusCodeVerification">
    <skipped/>
  </testcase> <!-- statusCodeVerification -->
  <system-out/>
  <testcase classname="com.pb.rest.presentation.ReqRes" name="conditionalLogic">
    <skipped/>
  </testcase> <!-- conditionalLogic -->
  <system-out/>
  <testcase classname="com.pb.rest.presentation.ReqRes" name="test1">
    <skipped/>
  </testcase> <!-- test1 -->
  <system-out/>
  <testcase classname="com.pb.rest.presentation.ReqRes" name="deleteExample">
    <skipped/>
  </testcase> <!-- deleteExample -->
  <system-out/>
  <testcase classname="com.pb.rest.presentation.ReqRes" name="TestPathParametersExample">
    <skipped/>
  </testcase> <!-- TestPathParametersExample -->
  <system-out/>
</testsuite> <!-- com.pb.rest.presentation.ReqRes -->
