<?xml version="1.0" encoding="UTF-8"?>
<!-- Generated by org.testng.reporters.JUnitReportReporter -->
<testsuite hostname="Taruns-MBP.lan" failures="0" tests="1" name="com.pb.rest.presentation.JsonJavaMap" time="2.707" errors="0" timestamp="2021-10-30T20:38:31 IST" skipped="0">
  <testcase classname="com.pb.rest.presentation.JsonJavaMap" name="JsonBodyHashMap" time="2.707"/>
  <system-out/>
</testsuite> <!-- com.pb.rest.presentation.JsonJavaMap -->
