<?xml version="1.0" encoding="UTF-8"?>
<!-- Generated by org.testng.reporters.JUnitReportReporter -->
<testsuite hostname="Taruns-MacBook-Pro.local" failures="0" tests="1" name="com.pb.rest.presentation.DummyRestAPIExample" time="1.871" errors="0" timestamp="2020-07-23T15:26:07 IST" skipped="0">
  <testcase classname="com.pb.rest.presentation.DummyRestAPIExample" name="postMethodExample" time="1.871"/>
  <system-out/>
</testsuite> <!-- com.pb.rest.presentation.DummyRestAPIExample -->
