<?xml version="1.0" encoding="UTF-8"?>
<!-- Generated by org.testng.reporters.JUnitReportReporter -->
<testsuite hostname="Taruns-MBP.lan" failures="0" tests="3" name="com.pb.rest.presentation.WaitCall" time="4.101" errors="0" timestamp="2021-07-21T15:48:39 IST" skipped="0">
  <testcase classname="com.pb.rest.presentation.WaitCall" name="postExample" time="2.625"/>
  <system-out/>
  <testcase classname="com.pb.rest.presentation.WaitCall" name="postExample" time="0.757"/>
  <system-out/>
  <testcase classname="com.pb.rest.presentation.WaitCall" name="postExample" time="0.719"/>
  <system-out/>
</testsuite> <!-- com.pb.rest.presentation.WaitCall -->
