<?xml version="1.0" encoding="UTF-8"?>
<!-- Generated by org.testng.reporters.JUnitReportReporter -->
<testsuite hostname="Taruns-MBP.lan" failures="0" tests="1" name="com.pb.rest.presentation.DummyAPI" time="1.414" errors="0" timestamp="2020-05-11T07:15:31 IST" skipped="0">
  <testcase classname="com.pb.rest.presentation.DummyAPI" name="statusCodeVerification" time="1.414"/>
  <system-out/>
</testsuite> <!-- com.pb.rest.presentation.DummyAPI -->
