<?xml version="1.0" encoding="UTF-8"?>
<!-- Generated by org.testng.reporters.JUnitReportReporter -->
<testsuite skipped="0" hostname="LAPTOP-3MABV6QD" name="finalSD.serialDeserialTest" tests="1" failures="0" timestamp="23 Sep 2021 14:24:20 GMT" time="2.119" errors="0">
  <testcase name="DeserTest" time="2.119" classname="finalSD.serialDeserialTest"/>
</testsuite> <!-- finalSD.serialDeserialTest -->
