<?xml version="1.0" encoding="UTF-8"?>
<!-- Generated by org.testng.reporters.JUnitReportReporter -->
<testsuite hostname="Taruns-MBP.lan" failures="0" tests="2" name="com.pb.rest.presentation.TwitterAPITest" time="3.079" errors="0" timestamp="2020-11-28T20:29:17 IST" skipped="1">
  <testcase classname="com.pb.rest.presentation.TwitterAPITest" name="getExample" time="3.079"/>
  <system-out/>
  <testcase classname="com.pb.rest.presentation.TwitterAPITest" name="postExample">
    <skipped/>
  </testcase> <!-- postExample -->
  <system-out/>
</testsuite> <!-- com.pb.rest.presentation.TwitterAPITest -->
