<?xml version="1.0" encoding="UTF-8"?>
<!-- Generated by org.testng.reporters.JUnitReportReporter -->
<testsuite skipped="0" hostname="LAPTOP-3MABV6QD" name="com.pb.rest.presentation.TestPOSTPerson" tests="1" failures="0" timestamp="21 Sep 2021 05:00:07 GMT" time="2.563" errors="0">
  <testcase name="testPOSTCreatePerson" time="2.563" classname="com.pb.rest.presentation.TestPOSTPerson"/>
</testsuite> <!-- com.pb.rest.presentation.TestPOSTPerson -->
