<?xml version="1.0" encoding="UTF-8"?>
<!-- Generated by org.testng.reporters.JUnitReportReporter -->
<testsuite hostname="Taruns-MacBook-Pro.local" failures="0" tests="8" name="com.pb.rest.presentation.ReqRes" time="2.452" errors="0" timestamp="2020-07-20T14:36:33 IST" skipped="7">
  <testcase classname="com.pb.rest.presentation.ReqRes" name="conditionalLogic" time="2.452"/>
  <system-out/>
  <testcase classname="com.pb.rest.presentation.ReqRes" name="ArrayIterate">
    <skipped/>
  </testcase> <!-- ArrayIterate -->
  <system-out/>
  <testcase classname="com.pb.rest.presentation.ReqRes" name="statusCodeVerification">
    <skipped/>
  </testcase> <!-- statusCodeVerification -->
  <system-out/>
  <testcase classname="com.pb.rest.presentation.ReqRes" name="pathParametersExample">
    <skipped/>
  </testcase> <!-- pathParametersExample -->
  <system-out/>
  <testcase classname="com.pb.rest.presentation.ReqRes" name="postRequestExample">
    <skipped/>
  </testcase> <!-- postRequestExample -->
  <system-out/>
  <testcase classname="com.pb.rest.presentation.ReqRes" name="ArraySizeAndElements">
    <skipped/>
  </testcase> <!-- ArraySizeAndElements -->
  <system-out/>
  <testcase classname="com.pb.rest.presentation.ReqRes" name="TestPathParametersExample">
    <skipped/>
  </testcase> <!-- TestPathParametersExample -->
  <system-out/>
  <testcase classname="com.pb.rest.presentation.ReqRes" name="reusedResponse">
    <skipped/>
  </testcase> <!-- reusedResponse -->
  <system-out/>
</testsuite> <!-- com.pb.rest.presentation.ReqRes -->
