<?xml version="1.0" encoding="UTF-8"?>
<!-- Generated by org.testng.reporters.JUnitReportReporter -->
<testsuite hostname="Taruns-MBP.lan" failures="0" tests="1" name="com.pb.rest.presentation.DummyRestAPIExample" time="1.949" errors="0" timestamp="2020-05-17T11:34:53 IST" skipped="0">
  <testcase classname="com.pb.rest.presentation.DummyRestAPIExample" name="postMethodExample" time="1.949"/>
  <system-out/>
</testsuite> <!-- com.pb.rest.presentation.DummyRestAPIExample -->
