<?xml version="1.0" encoding="UTF-8"?>
<!-- Generated by org.testng.reporters.JUnitReportReporter -->
<testsuite hostname="Taruns-MacBook-Pro.local" failures="0" tests="2" name="com.pb.rest.specs.RequestSpecificationTest" time="3.046" errors="0" timestamp="2020-07-20T14:40:41 IST" skipped="0">
  <testcase classname="com.pb.rest.specs.RequestSpecificationTest" name="conditionalLogic" time="0.680"/>
  <system-out/>
  <testcase classname="com.pb.rest.specs.RequestSpecificationTest" name="ArrayIterate" time="2.366"/>
  <system-out/>
</testsuite> <!-- com.pb.rest.specs.RequestSpecificationTest -->
