<?xml version="1.0" encoding="UTF-8"?>
<!-- Generated by org.testng.reporters.JUnitReportReporter -->
<testsuite hostname="Taruns-MacBook-Pro.local" failures="0" tests="2" name="com.pb.rest.specs.ResponseSpecificationTest" time="3.523" errors="0" timestamp="2020-07-21T14:59:53 IST" skipped="0">
  <testcase classname="com.pb.rest.specs.ResponseSpecificationTest" name="test1" time="2.649"/>
  <system-out/>
  <testcase classname="com.pb.rest.specs.ResponseSpecificationTest" name="test2" time="0.874"/>
  <system-out/>
</testsuite> <!-- com.pb.rest.specs.ResponseSpecificationTest -->
