<?xml version="1.0" encoding="UTF-8"?>
<!-- Generated by org.testng.reporters.JUnitReportReporter -->
<testsuite skipped="0" hostname="LAPTOP-3MABV6QD" name="com.pb.rest.presentation.TestPATCHPerson" tests="1" failures="0" timestamp="17 Sep 2021 11:25:37 GMT" time="2.886" errors="0">
  <testcase name="testPatchPerson" time="2.886" classname="com.pb.rest.presentation.TestPATCHPerson"/>
</testsuite> <!-- com.pb.rest.presentation.TestPATCHPerson -->
